<?xml version="1.0" encoding="UTF-8"?><testsuite failures="0" name="cucumber.runtime.formatter.JUnitFormatter" skipped="0" tests="1" time="51.433683">
<testcase classname="To validate the functionality of Metallica application" name="To validate login &amp; logout using valid userName and valid Password" time="51.433683">
<system-out><![CDATA[Given User is in metallica home page........................................passed
When User navigate to login page............................................passed
And User enter valid userName and valid Password............................passed
And User click Login button.................................................passed
Then User should be in a dashboard page.....................................passed
And User click Logout.......................................................passed
]]></system-out>
</testcase>
</testsuite>
